<?xml version="1.0" encoding="UTF-8"?>
<!-- Generated by org.testng.reporters.JUnitXMLReporter -->
<testsuite ignored="0" hostname="DESKTOP-TM4R4JK" failures="0" tests="2" name="test" time="6.857" errors="0" timestamp="24 Mar 2018 11:45:23 GMT">
  <testcase classname="test_case.TC_Login" name="@BeforeMethod beforeMethod" time="5.364">
    <failure type="java.lang.NullPointerException">
      <![CDATA[java.lang.NullPointerExceptionat common.Configure.init(Configure.java:26)at test_case.TC_Login.beforeMethod(TC_Login.java:17)... Removed 28 stack frames]]>
    </failure>
  </testcase> <!-- @BeforeMethod beforeMethod -->
  <testcase classname="test_case.TC_Login" name="@BeforeMethod beforeMethod" time="0.0">
    <skipped/>
  </testcase> <!-- @BeforeMethod beforeMethod -->
  <testcase classname="test_case.TC_Login" name="verifyUserCanLoginWithValidData" time="0.0">
    <skipped/>
  </testcase> <!-- verifyUserCanLoginWithValidData -->
  <testcase classname="test_case.TC_Login" name="verifyUserCanLoginWithValidData" time="0.0">
    <skipped/>
  </testcase> <!-- verifyUserCanLoginWithValidData -->
</testsuite> <!-- test -->
