<?xml version="1.0" encoding="UTF-8"?>
<testng-results ignored="0" total="1" passed="1" failed="0" skipped="0">
  <reporter-output>
  </reporter-output>
  <suite started-at="2018-03-25T14:32:08Z" name="Default suite" finished-at="2018-03-25T14:32:14Z" duration-ms="5322">
    <groups>
    </groups>
    <test started-at="2018-03-25T14:32:08Z" name="Default test" finished-at="2018-03-25T14:32:14Z" duration-ms="5322">
      <class name="test_case.TC_ChangePassword">
        <test-method is-config="true" signature="beforeClass(java.lang.String, java.lang.String, java.lang.String, java.lang.String)[pri:0, instance:test_case.TC_ChangePassword@6497b078]" started-at="2018-03-25T21:32:08Z" name="beforeClass" finished-at="2018-03-25T21:32:12Z" duration-ms="3464" status="PASS">
          <params>
            <param index="0">
              <value>
                <![CDATA[http://35.174.137.190]]>
              </value>
            </param>
            <param index="1">
              <value>
                <![CDATA[api/v1]]>
              </value>
            </param>
            <param index="2">
              <value>
                <![CDATA[rohan.ana@example.com]]>
              </value>
            </param>
            <param index="3">
              <value>
                <![CDATA[456456456]]>
              </value>
            </param>
          </params>
          <reporter-output>
          </reporter-output>
        </test-method> <!-- beforeClass -->
        <test-method signature="ChangePassWord(java.lang.String, java.lang.String, java.lang.String, java.lang.String, java.lang.String)[pri:0, instance:test_case.TC_ChangePassword@6497b078]" started-at="2018-03-25T21:32:13Z" name="ChangePassWord" data-provider="Data" finished-at="2018-03-25T21:32:14Z" duration-ms="863" status="PASS">
          <params>
            <param index="0">
              <value>
                <![CDATA[POST]]>
              </value>
            </param>
            <param index="1">
              <value>
                <![CDATA[/auth/logout]]>
              </value>
            </param>
            <param index="2">
              <value>
                <![CDATA[Accept: application/jsonAuthorization: Bearer {{ACCESS_TOKEN}}]]>
              </value>
            </param>
            <param index="3">
              <value>
                <![CDATA[]]>
              </value>
            </param>
            <param index="4">
              <value>
                <![CDATA[Message: "Request handled successfully"Code: 200]]>
              </value>
            </param>
          </params>
          <reporter-output>
          </reporter-output>
        </test-method> <!-- ChangePassWord -->
      </class> <!-- test_case.TC_ChangePassword -->
    </test> <!-- Default test -->
  </suite> <!-- Default suite -->
</testng-results>
