<?xml version="1.0" encoding="UTF-8"?>
<testng-results ignored="0" total="1" passed="1" failed="0" skipped="0">
  <reporter-output>
  </reporter-output>
  <suite started-at="2018-03-29T17:46:40Z" name="Default suite" finished-at="2018-03-29T17:46:49Z" duration-ms="8537">
    <groups>
    </groups>
    <test started-at="2018-03-29T17:46:40Z" name="Default test" finished-at="2018-03-29T17:46:49Z" duration-ms="8537">
      <class name="test_case.TC_Profile">
        <test-method is-config="true" signature="beforeClass(java.lang.String, java.lang.String, java.lang.String, java.lang.String)[pri:0, instance:test_case.TC_Profile@6497b078]" started-at="2018-03-30T00:46:40Z" name="beforeClass" finished-at="2018-03-30T00:46:44Z" duration-ms="4401" status="PASS">
          <params>
            <param index="0">
              <value>
                <![CDATA[http://35.174.137.190]]>
              </value>
            </param>
            <param index="1">
              <value>
                <![CDATA[api/v1]]>
              </value>
            </param>
            <param index="2">
              <value>
                <![CDATA[manager_1@gmail.com]]>
              </value>
            </param>
            <param index="3">
              <value>
                <![CDATA[123123123]]>
              </value>
            </param>
          </params>
          <reporter-output>
          </reporter-output>
        </test-method> <!-- beforeClass -->
        <test-method signature="ChangePassWord(java.lang.String, java.lang.String, java.lang.String, java.lang.String, java.lang.String, java.lang.String, java.lang.String)[pri:0, instance:test_case.TC_Profile@6497b078]" started-at="2018-03-30T00:46:47Z" name="ChangePassWord" data-provider="Data" finished-at="2018-03-30T00:46:49Z" duration-ms="1559" status="PASS">
          <params>
            <param index="0">
              <value>
                <![CDATA[GET]]>
              </value>
            </param>
            <param index="1">
              <value>
                <![CDATA[/auth/me]]>
              </value>
            </param>
            <param index="2">
              <value>
                <![CDATA[Authorization: Bearer {{ACCESS_TOKEN}}]]>
              </value>
            </param>
            <param index="3">
              <value>
                <![CDATA[]]>
              </value>
            </param>
            <param index="4">
              <value>
                <![CDATA[Request handled successfully]]>
              </value>
            </param>
            <param index="5">
              <value>
                <![CDATA[200]]>
              </value>
            </param>
            <param index="6">
              <value>
                <![CDATA[ {"id": 1,        "first_name": "Ashtyn",        "last_name": "Bins",        "email": "manager_1@gmail.com",        "role_id": 2,        "role_name": "Manager"}]]>
              </value>
            </param>
          </params>
          <reporter-output>
          </reporter-output>
        </test-method> <!-- ChangePassWord -->
      </class> <!-- test_case.TC_Profile -->
    </test> <!-- Default test -->
  </suite> <!-- Default suite -->
</testng-results>
